<?xml version="1.0" encoding="UTF-8"?>
<!-- Generated by org.testng.reporters.JUnitXMLReporter -->
<testsuite ignored="0" hostname="LAPTOP-S0OMA0NN" failures="0" tests="14" name="Register Page Test" time="41.954" errors="0" timestamp="2025-04-21T21:39:27 IST">
  <testcase classname="com.qa.opencart.tests.LoginPageTest" name="loginPageTitleTest" time="0.19"/>
  <testcase classname="com.qa.opencart.tests.AccountPageTest" name="accPageHeadersCountTest" time="1.13"/>
  <testcase classname="com.qa.opencart.tests.ProductsResultPageTest" name="productImagesTest" time="3.281"/>
  <testcase classname="com.qa.opencart.tests.RegisterPageTest" name="userRegTest" time="4.727"/>
  <testcase classname="com.qa.opencart.tests.LoginPageTest" name="loginPageURLTest" time="0.118"/>
  <testcase classname="com.qa.opencart.tests.AccountPageTest" name="accPageHeadersTest" time="0.221"/>
  <testcase classname="com.qa.opencart.tests.LoginPageTest" name="forgotPwdLinkexistLink" time="0.17"/>
  <testcase classname="com.qa.opencart.tests.RegisterPageTest" name="userRegTest" time="2.639"/>
  <testcase classname="com.qa.opencart.tests.ProductsResultPageTest" name="productImagesTest" time="1.781"/>
  <testcase classname="com.qa.opencart.tests.LoginPageTest" name="appLogoExist" time="0.177"/>
  <testcase classname="com.qa.opencart.tests.AccountPageTest" name="accountpageTitleTest" time="1.71"/>
  <testcase classname="com.qa.opencart.tests.LoginPageTest" name="loginTest" time="1.638"/>
  <testcase classname="com.qa.opencart.tests.ProductsResultPageTest" name="productImagesTest" time="4.741"/>
  <testcase classname="com.qa.opencart.tests.RegisterPageTest" name="userRegTest" time="5.335"/>
</testsuite> <!-- Register Page Test -->
