<?xml version="1.0" encoding="UTF-8"?>
<!-- Generated by org.testng.reporters.JUnitXMLReporter -->
<testsuite ignored="0" hostname="LAPTOP-S0OMA0NN" failures="0" tests="3" name="Default test" time="19.359" errors="0" timestamp="2025-04-14T20:52:07 IST">
  <testcase classname="com.qa.opencart.tests.RegisterPageTest" name="userRegTest" time="2.349"/>
  <testcase classname="com.qa.opencart.tests.RegisterPageTest" name="userRegTest" time="2.814"/>
  <testcase classname="com.qa.opencart.tests.RegisterPageTest" name="userRegTest" time="1.979"/>
</testsuite> <!-- Default test -->
