<?xml version="1.0" encoding="UTF-8"?>
<testng-results ignored="0" total="16" passed="15" failed="1" skipped="0">
  <reporter-output>
  </reporter-output>
  <suite started-at="2025-04-23T07:20:00 IST" name="Open Cart Test Regression Suite" finished-at="2025-04-23T07:20:50 IST" duration-ms="50237">
    <groups>
    </groups>
    <test started-at="2025-04-23T07:20:00 IST" name="Login Page Test" finished-at="2025-04-23T07:20:45 IST" duration-ms="44453">
      <class name="com.qa.opencart.tests.LoginPageTest">
        <test-method is-config="true" signature="setUp()[pri:0, instance:com.qa.opencart.tests.LoginPageTest@1caa0244]" started-at="2025-04-23T07:20:00 IST" name="setUp" finished-at="2025-04-23T07:20:08 IST" duration-ms="7725" status="PASS">
          <reporter-output>
          </reporter-output>
        </test-method> <!-- setUp -->
        <test-method signature="loginPageTitleTest()[pri:1, instance:com.qa.opencart.tests.LoginPageTest@1caa0244]" started-at="2025-04-23T07:20:08 IST" name="loginPageTitleTest" finished-at="2025-04-23T07:20:08 IST" duration-ms="200" status="PASS">
          <reporter-output>
          </reporter-output>
        </test-method> <!-- loginPageTitleTest -->
        <test-method is-config="true" signature="tearDown()[pri:0, instance:com.qa.opencart.tests.LoginPageTest@1caa0244]" started-at="2025-04-23T07:20:08 IST" name="tearDown" finished-at="2025-04-23T07:20:10 IST" duration-ms="1933" status="PASS">
          <reporter-output>
          </reporter-output>
        </test-method> <!-- tearDown -->
        <test-method is-config="true" signature="setUp()[pri:0, instance:com.qa.opencart.tests.LoginPageTest@1caa0244]" started-at="2025-04-23T07:20:10 IST" name="setUp" finished-at="2025-04-23T07:20:13 IST" duration-ms="3338" status="PASS">
          <reporter-output>
          </reporter-output>
        </test-method> <!-- setUp -->
        <test-method signature="loginPageURLTest()[pri:2, instance:com.qa.opencart.tests.LoginPageTest@1caa0244]" started-at="2025-04-23T07:20:13 IST" name="loginPageURLTest" finished-at="2025-04-23T07:20:13 IST" duration-ms="39" status="PASS">
          <reporter-output>
          </reporter-output>
        </test-method> <!-- loginPageURLTest -->
        <test-method is-config="true" signature="tearDown()[pri:0, instance:com.qa.opencart.tests.LoginPageTest@1caa0244]" started-at="2025-04-23T07:20:13 IST" name="tearDown" finished-at="2025-04-23T07:20:19 IST" duration-ms="5916" status="PASS">
          <reporter-output>
          </reporter-output>
        </test-method> <!-- tearDown -->
        <test-method is-config="true" signature="setUp()[pri:0, instance:com.qa.opencart.tests.LoginPageTest@1caa0244]" started-at="2025-04-23T07:20:19 IST" name="setUp" finished-at="2025-04-23T07:20:22 IST" duration-ms="2915" status="PASS">
          <reporter-output>
          </reporter-output>
        </test-method> <!-- setUp -->
        <test-method signature="forgotPwdLinkexistLink()[pri:3, instance:com.qa.opencart.tests.LoginPageTest@1caa0244]" started-at="2025-04-23T07:20:22 IST" name="forgotPwdLinkexistLink" finished-at="2025-04-23T07:20:28 IST" duration-ms="5696" status="FAIL">
          <exception class="org.openqa.selenium.TimeoutException">
            <message>
              <![CDATA[Expected condition failed: waiting for visibility of element located by By.linkText: Forgotten Password1 (tried for 5 second(s) with 500 milliseconds interval)
Build info: version: '4.27.0', revision: 'd6e718d134'
System info: os.name: 'Windows 11', os.arch: 'amd64', os.version: '10.0', java.version: '19.0.1'
Driver info: org.openqa.selenium.chrome.ChromeDriver
Capabilities {acceptInsecureCerts: false, browserName: chrome, browserVersion: 135.0.7049.114, chrome: {chromedriverVersion: 135.0.7049.97 (b41307079c9b..., userDataDir: C:\Users\Lenovo\AppData\Loc...}, fedcm:accounts: true, goog:chromeOptions: {debuggerAddress: localhost:60510}, networkConnectionEnabled: false, pageLoadStrategy: normal, platformName: windows, proxy: Proxy(), se:cdp: ws://localhost:60510/devtoo..., se:cdpVersion: 135.0.7049.114, setWindowRect: true, strictFileInteractability: false, timeouts: {implicit: 0, pageLoad: 300000, script: 30000}, unhandledPromptBehavior: dismiss and notify, webauthn:extension:credBlob: true, webauthn:extension:largeBlob: true, webauthn:extension:minPinLength: true, webauthn:extension:prf: true, webauthn:virtualAuthenticators: true}
Session ID: acad7bdabc8f1a203ced74c6994ef8d8]]>
            </message>
            <full-stacktrace>
              <![CDATA[org.openqa.selenium.TimeoutException: Expected condition failed: waiting for visibility of element located by By.linkText: Forgotten Password1 (tried for 5 second(s) with 500 milliseconds interval)
Build info: version: '4.27.0', revision: 'd6e718d134'
System info: os.name: 'Windows 11', os.arch: 'amd64', os.version: '10.0', java.version: '19.0.1'
Driver info: org.openqa.selenium.chrome.ChromeDriver
Capabilities {acceptInsecureCerts: false, browserName: chrome, browserVersion: 135.0.7049.114, chrome: {chromedriverVersion: 135.0.7049.97 (b41307079c9b..., userDataDir: C:\Users\Lenovo\AppData\Loc...}, fedcm:accounts: true, goog:chromeOptions: {debuggerAddress: localhost:60510}, networkConnectionEnabled: false, pageLoadStrategy: normal, platformName: windows, proxy: Proxy(), se:cdp: ws://localhost:60510/devtoo..., se:cdpVersion: 135.0.7049.114, setWindowRect: true, strictFileInteractability: false, timeouts: {implicit: 0, pageLoad: 300000, script: 30000}, unhandledPromptBehavior: dismiss and notify, webauthn:extension:credBlob: true, webauthn:extension:largeBlob: true, webauthn:extension:minPinLength: true, webauthn:extension:prf: true, webauthn:virtualAuthenticators: true}
Session ID: acad7bdabc8f1a203ced74c6994ef8d8
at org.openqa.selenium.support.ui.WebDriverWait.timeoutException(WebDriverWait.java:84)
at org.openqa.selenium.support.ui.FluentWait.until(FluentWait.java:228)
at com.qa.opencart.utils.ElementUtil.waitForVisibilityOfElement(ElementUtil.java:361)
at com.qa.opencart.pages.LoginPage.isForgotPwdLinkExist(LoginPage.java:51)
at com.qa.opencart.tests.LoginPageTest.forgotPwdLinkexistLink(LoginPageTest.java:28)
at java.base/jdk.internal.reflect.DirectMethodHandleAccessor.invoke(DirectMethodHandleAccessor.java:104)
at java.base/java.lang.reflect.Method.invoke(Method.java:578)
at org.testng.internal.MethodInvocationHelper.invokeMethod(MethodInvocationHelper.java:133)
at org.testng.internal.TestInvoker.invokeMethod(TestInvoker.java:584)
at org.testng.internal.TestInvoker.invokeTestMethod(TestInvoker.java:172)
at org.testng.internal.MethodRunner.runInSequence(MethodRunner.java:46)
at org.testng.internal.TestInvoker$MethodInvocationAgent.invoke(TestInvoker.java:804)
at org.testng.internal.TestInvoker.invokeTestMethods(TestInvoker.java:145)
at org.testng.internal.TestMethodWorker.invokeTestMethods(TestMethodWorker.java:146)
at org.testng.internal.TestMethodWorker.run(TestMethodWorker.java:128)
at java.base/java.util.ArrayList.forEach(ArrayList.java:1511)
at org.testng.TestRunner.privateRun(TestRunner.java:770)
at org.testng.TestRunner.run(TestRunner.java:591)
at org.testng.SuiteRunner.runTest(SuiteRunner.java:402)
at org.testng.SuiteRunner.access$000(SuiteRunner.java:41)
at org.testng.SuiteRunner$SuiteWorker.run(SuiteRunner.java:443)
at org.testng.internal.thread.ThreadUtil.lambda$execute$0(ThreadUtil.java:67)
at java.base/java.util.concurrent.FutureTask.run(FutureTask.java:317)
at java.base/java.util.concurrent.ThreadPoolExecutor.runWorker(ThreadPoolExecutor.java:1144)
at java.base/java.util.concurrent.ThreadPoolExecutor$Worker.run(ThreadPoolExecutor.java:642)
at java.base/java.lang.Thread.run(Thread.java:1589)
]]>
            </full-stacktrace>
          </exception> <!-- org.openqa.selenium.TimeoutException -->
          <reporter-output>
          </reporter-output>
        </test-method> <!-- forgotPwdLinkexistLink -->
        <test-method is-config="true" signature="tearDown()[pri:0, instance:com.qa.opencart.tests.LoginPageTest@1caa0244]" started-at="2025-04-23T07:20:28 IST" name="tearDown" finished-at="2025-04-23T07:20:32 IST" duration-ms="3905" status="PASS">
          <reporter-output>
          </reporter-output>
        </test-method> <!-- tearDown -->
        <test-method is-config="true" signature="setUp()[pri:0, instance:com.qa.opencart.tests.LoginPageTest@1caa0244]" started-at="2025-04-23T07:20:32 IST" name="setUp" finished-at="2025-04-23T07:20:36 IST" duration-ms="3941" status="PASS">
          <reporter-output>
          </reporter-output>
        </test-method> <!-- setUp -->
        <test-method signature="appLogoExist()[pri:4, instance:com.qa.opencart.tests.LoginPageTest@1caa0244]" started-at="2025-04-23T07:20:36 IST" name="appLogoExist" finished-at="2025-04-23T07:20:36 IST" duration-ms="197" status="PASS">
          <reporter-output>
          </reporter-output>
        </test-method> <!-- appLogoExist -->
        <test-method is-config="true" signature="tearDown()[pri:0, instance:com.qa.opencart.tests.LoginPageTest@1caa0244]" started-at="2025-04-23T07:20:36 IST" name="tearDown" finished-at="2025-04-23T07:20:38 IST" duration-ms="1616" status="PASS">
          <reporter-output>
          </reporter-output>
        </test-method> <!-- tearDown -->
        <test-method is-config="true" signature="setUp()[pri:0, instance:com.qa.opencart.tests.LoginPageTest@1caa0244]" started-at="2025-04-23T07:20:38 IST" name="setUp" finished-at="2025-04-23T07:20:42 IST" duration-ms="3687" status="PASS">
          <reporter-output>
          </reporter-output>
        </test-method> <!-- setUp -->
        <test-method signature="loginTest()[pri:5, instance:com.qa.opencart.tests.LoginPageTest@1caa0244]" started-at="2025-04-23T07:20:42 IST" name="loginTest" finished-at="2025-04-23T07:20:44 IST" duration-ms="2360" status="PASS">
          <reporter-output>
          </reporter-output>
        </test-method> <!-- loginTest -->
        <test-method is-config="true" signature="tearDown()[pri:0, instance:com.qa.opencart.tests.LoginPageTest@1caa0244]" started-at="2025-04-23T07:20:44 IST" name="tearDown" finished-at="2025-04-23T07:20:45 IST" duration-ms="380" status="PASS">
          <reporter-output>
          </reporter-output>
        </test-method> <!-- tearDown -->
      </class> <!-- com.qa.opencart.tests.LoginPageTest -->
    </test> <!-- Login Page Test -->
    <test started-at="2025-04-23T07:20:00 IST" name="ProductsResult Page Test" finished-at="2025-04-23T07:20:49 IST" duration-ms="49034">
      <class name="com.qa.opencart.tests.ProductsResultPageTest">
        <test-method is-config="true" signature="setUp()[pri:0, instance:com.qa.opencart.tests.ProductsResultPageTest@65987993]" started-at="2025-04-23T07:20:00 IST" name="setUp" finished-at="2025-04-23T07:20:08 IST" duration-ms="7917" status="PASS">
          <reporter-output>
          </reporter-output>
        </test-method> <!-- setUp -->
        <test-method is-config="true" signature="productInfoSetUp()[pri:0, instance:com.qa.opencart.tests.ProductsResultPageTest@65987993]" started-at="2025-04-23T07:20:08 IST" name="productInfoSetUp" finished-at="2025-04-23T07:20:10 IST" duration-ms="2448" status="PASS">
          <reporter-output>
          </reporter-output>
        </test-method> <!-- productInfoSetUp -->
        <test-method signature="productImagesTest(java.lang.String, java.lang.String, int)[pri:0, instance:com.qa.opencart.tests.ProductsResultPageTest@65987993]" started-at="2025-04-23T07:20:10 IST" name="productImagesTest" data-provider="getSearchData" finished-at="2025-04-23T07:20:13 IST" duration-ms="2643" status="PASS">
          <params>
            <param index="0">
              <value>
                <![CDATA[MacBook]]>
              </value>
            </param>
            <param index="1">
              <value>
                <![CDATA[MacBook Pro]]>
              </value>
            </param>
            <param index="2">
              <value>
                <![CDATA[4]]>
              </value>
            </param>
          </params>
          <reporter-output>
          </reporter-output>
        </test-method> <!-- productImagesTest -->
        <test-method is-config="true" signature="tearDown()[pri:0, instance:com.qa.opencart.tests.ProductsResultPageTest@65987993]" started-at="2025-04-23T07:20:13 IST" name="tearDown" finished-at="2025-04-23T07:20:14 IST" duration-ms="1129" status="PASS">
          <reporter-output>
          </reporter-output>
        </test-method> <!-- tearDown -->
        <test-method is-config="true" signature="setUp()[pri:0, instance:com.qa.opencart.tests.ProductsResultPageTest@65987993]" started-at="2025-04-23T07:20:14 IST" name="setUp" finished-at="2025-04-23T07:20:18 IST" duration-ms="4164" status="PASS">
          <reporter-output>
          </reporter-output>
        </test-method> <!-- setUp -->
        <test-method is-config="true" signature="productInfoSetUp()[pri:0, instance:com.qa.opencart.tests.ProductsResultPageTest@65987993]" started-at="2025-04-23T07:20:18 IST" name="productInfoSetUp" finished-at="2025-04-23T07:20:20 IST" duration-ms="1340" status="PASS">
          <reporter-output>
          </reporter-output>
        </test-method> <!-- productInfoSetUp -->
        <test-method signature="productImagesTest(java.lang.String, java.lang.String, int)[pri:0, instance:com.qa.opencart.tests.ProductsResultPageTest@65987993]" started-at="2025-04-23T07:20:20 IST" name="productImagesTest" data-provider="getSearchData" finished-at="2025-04-23T07:20:22 IST" duration-ms="2348" status="PASS">
          <params>
            <param index="0">
              <value>
                <![CDATA[MacBook]]>
              </value>
            </param>
            <param index="1">
              <value>
                <![CDATA[MacBook Air]]>
              </value>
            </param>
            <param index="2">
              <value>
                <![CDATA[4]]>
              </value>
            </param>
          </params>
          <reporter-output>
          </reporter-output>
        </test-method> <!-- productImagesTest -->
        <test-method is-config="true" signature="tearDown()[pri:0, instance:com.qa.opencart.tests.ProductsResultPageTest@65987993]" started-at="2025-04-23T07:20:22 IST" name="tearDown" finished-at="2025-04-23T07:20:24 IST" duration-ms="2106" status="PASS">
          <reporter-output>
          </reporter-output>
        </test-method> <!-- tearDown -->
        <test-method is-config="true" signature="setUp()[pri:0, instance:com.qa.opencart.tests.ProductsResultPageTest@65987993]" started-at="2025-04-23T07:20:24 IST" name="setUp" finished-at="2025-04-23T07:20:27 IST" duration-ms="2954" status="PASS">
          <reporter-output>
          </reporter-output>
        </test-method> <!-- setUp -->
        <test-method is-config="true" signature="productInfoSetUp()[pri:0, instance:com.qa.opencart.tests.ProductsResultPageTest@65987993]" started-at="2025-04-23T07:20:27 IST" name="productInfoSetUp" finished-at="2025-04-23T07:20:29 IST" duration-ms="1992" status="PASS">
          <reporter-output>
          </reporter-output>
        </test-method> <!-- productInfoSetUp -->
        <test-method signature="productImagesTest(java.lang.String, java.lang.String, int)[pri:0, instance:com.qa.opencart.tests.ProductsResultPageTest@65987993]" started-at="2025-04-23T07:20:29 IST" name="productImagesTest" data-provider="getSearchData" finished-at="2025-04-23T07:20:32 IST" duration-ms="3090" status="PASS">
          <params>
            <param index="0">
              <value>
                <![CDATA[iMac]]>
              </value>
            </param>
            <param index="1">
              <value>
                <![CDATA[iMac]]>
              </value>
            </param>
            <param index="2">
              <value>
                <![CDATA[3]]>
              </value>
            </param>
          </params>
          <reporter-output>
          </reporter-output>
        </test-method> <!-- productImagesTest -->
        <test-method is-config="true" signature="tearDown()[pri:0, instance:com.qa.opencart.tests.ProductsResultPageTest@65987993]" started-at="2025-04-23T07:20:32 IST" name="tearDown" finished-at="2025-04-23T07:20:33 IST" duration-ms="543" status="PASS">
          <reporter-output>
          </reporter-output>
        </test-method> <!-- tearDown -->
        <test-method is-config="true" signature="setUp()[pri:0, instance:com.qa.opencart.tests.ProductsResultPageTest@65987993]" started-at="2025-04-23T07:20:33 IST" name="setUp" finished-at="2025-04-23T07:20:37 IST" duration-ms="4326" status="PASS">
          <reporter-output>
          </reporter-output>
        </test-method> <!-- setUp -->
        <test-method is-config="true" signature="productInfoSetUp()[pri:0, instance:com.qa.opencart.tests.ProductsResultPageTest@65987993]" started-at="2025-04-23T07:20:37 IST" name="productInfoSetUp" finished-at="2025-04-23T07:20:38 IST" duration-ms="529" status="PASS">
          <reporter-output>
          </reporter-output>
        </test-method> <!-- productInfoSetUp -->
        <test-method signature="productImagesTest(java.lang.String, java.lang.String, int)[pri:0, instance:com.qa.opencart.tests.ProductsResultPageTest@65987993]" started-at="2025-04-23T07:20:38 IST" name="productImagesTest" data-provider="getSearchData" finished-at="2025-04-23T07:20:41 IST" duration-ms="3549" status="PASS">
          <params>
            <param index="0">
              <value>
                <![CDATA[Samsung]]>
              </value>
            </param>
            <param index="1">
              <value>
                <![CDATA[Samsung SyncMaster 941BW]]>
              </value>
            </param>
            <param index="2">
              <value>
                <![CDATA[1]]>
              </value>
            </param>
          </params>
          <reporter-output>
          </reporter-output>
        </test-method> <!-- productImagesTest -->
        <test-method is-config="true" signature="tearDown()[pri:0, instance:com.qa.opencart.tests.ProductsResultPageTest@65987993]" started-at="2025-04-23T07:20:41 IST" name="tearDown" finished-at="2025-04-23T07:20:43 IST" duration-ms="1431" status="PASS">
          <reporter-output>
          </reporter-output>
        </test-method> <!-- tearDown -->
        <test-method is-config="true" signature="setUp()[pri:0, instance:com.qa.opencart.tests.ProductsResultPageTest@65987993]" started-at="2025-04-23T07:20:43 IST" name="setUp" finished-at="2025-04-23T07:20:45 IST" duration-ms="2545" status="PASS">
          <reporter-output>
          </reporter-output>
        </test-method> <!-- setUp -->
        <test-method is-config="true" signature="productInfoSetUp()[pri:0, instance:com.qa.opencart.tests.ProductsResultPageTest@65987993]" started-at="2025-04-23T07:20:45 IST" name="productInfoSetUp" finished-at="2025-04-23T07:20:46 IST" duration-ms="1083" status="PASS">
          <reporter-output>
          </reporter-output>
        </test-method> <!-- productInfoSetUp -->
        <test-method signature="productInfoTest()[pri:0, instance:com.qa.opencart.tests.ProductsResultPageTest@65987993]" started-at="2025-04-23T07:20:46 IST" name="productInfoTest" finished-at="2025-04-23T07:20:49 IST" duration-ms="2577" status="PASS">
          <reporter-output>
          </reporter-output>
        </test-method> <!-- productInfoTest -->
        <test-method is-config="true" signature="tearDown()[pri:0, instance:com.qa.opencart.tests.ProductsResultPageTest@65987993]" started-at="2025-04-23T07:20:49 IST" name="tearDown" finished-at="2025-04-23T07:20:49 IST" duration-ms="244" status="PASS">
          <reporter-output>
          </reporter-output>
        </test-method> <!-- tearDown -->
      </class> <!-- com.qa.opencart.tests.ProductsResultPageTest -->
    </test> <!-- ProductsResult Page Test -->
    <test started-at="2025-04-23T07:20:00 IST" name="Account Page Test" finished-at="2025-04-23T07:20:50 IST" duration-ms="50237">
      <class name="com.qa.opencart.tests.AccountPageTest">
        <test-method is-config="true" signature="setUp()[pri:0, instance:com.qa.opencart.tests.AccountPageTest@723ca036]" started-at="2025-04-23T07:20:00 IST" name="setUp" finished-at="2025-04-23T07:20:07 IST" duration-ms="7134" status="PASS">
          <reporter-output>
          </reporter-output>
        </test-method> <!-- setUp -->
        <test-method is-config="true" signature="accSetUp()[pri:0, instance:com.qa.opencart.tests.AccountPageTest@723ca036]" started-at="2025-04-23T07:20:07 IST" name="accSetUp" finished-at="2025-04-23T07:20:10 IST" duration-ms="2981" status="PASS">
          <reporter-output>
          </reporter-output>
        </test-method> <!-- accSetUp -->
        <test-method signature="accPageHeadersCountTest()[pri:0, instance:com.qa.opencart.tests.AccountPageTest@723ca036]" started-at="2025-04-23T07:20:10 IST" name="accPageHeadersCountTest" finished-at="2025-04-23T07:20:11 IST" duration-ms="430" status="PASS">
          <reporter-output>
          </reporter-output>
        </test-method> <!-- accPageHeadersCountTest -->
        <test-method is-config="true" signature="tearDown()[pri:0, instance:com.qa.opencart.tests.AccountPageTest@723ca036]" started-at="2025-04-23T07:20:11 IST" name="tearDown" finished-at="2025-04-23T07:20:14 IST" duration-ms="3521" status="PASS">
          <reporter-output>
          </reporter-output>
        </test-method> <!-- tearDown -->
        <test-method is-config="true" signature="setUp()[pri:0, instance:com.qa.opencart.tests.AccountPageTest@723ca036]" started-at="2025-04-23T07:20:14 IST" name="setUp" finished-at="2025-04-23T07:20:19 IST" duration-ms="4489" status="PASS">
          <reporter-output>
          </reporter-output>
        </test-method> <!-- setUp -->
        <test-method is-config="true" signature="accSetUp()[pri:0, instance:com.qa.opencart.tests.AccountPageTest@723ca036]" started-at="2025-04-23T07:20:19 IST" name="accSetUp" finished-at="2025-04-23T07:20:19 IST" duration-ms="688" status="PASS">
          <reporter-output>
          </reporter-output>
        </test-method> <!-- accSetUp -->
        <test-method signature="accPageHeadersTest()[pri:0, instance:com.qa.opencart.tests.AccountPageTest@723ca036]" started-at="2025-04-23T07:20:19 IST" name="accPageHeadersTest" finished-at="2025-04-23T07:20:21 IST" duration-ms="2012" status="PASS">
          <reporter-output>
          </reporter-output>
        </test-method> <!-- accPageHeadersTest -->
        <test-method is-config="true" signature="tearDown()[pri:0, instance:com.qa.opencart.tests.AccountPageTest@723ca036]" started-at="2025-04-23T07:20:21 IST" name="tearDown" finished-at="2025-04-23T07:20:25 IST" duration-ms="3383" status="PASS">
          <reporter-output>
          </reporter-output>
        </test-method> <!-- tearDown -->
        <test-method is-config="true" signature="setUp()[pri:0, instance:com.qa.opencart.tests.AccountPageTest@723ca036]" started-at="2025-04-23T07:20:25 IST" name="setUp" finished-at="2025-04-23T07:20:29 IST" duration-ms="3822" status="PASS">
          <reporter-output>
          </reporter-output>
        </test-method> <!-- setUp -->
        <test-method is-config="true" signature="accSetUp()[pri:0, instance:com.qa.opencart.tests.AccountPageTest@723ca036]" started-at="2025-04-23T07:20:29 IST" name="accSetUp" finished-at="2025-04-23T07:20:30 IST" duration-ms="1536" status="PASS">
          <reporter-output>
          </reporter-output>
        </test-method> <!-- accSetUp -->
        <test-method signature="accountpageTitleTest()[pri:0, instance:com.qa.opencart.tests.AccountPageTest@723ca036]" started-at="2025-04-23T07:20:30 IST" name="accountpageTitleTest" finished-at="2025-04-23T07:20:30 IST" duration-ms="45" status="PASS">
          <reporter-output>
          </reporter-output>
        </test-method> <!-- accountpageTitleTest -->
        <test-method is-config="true" signature="tearDown()[pri:0, instance:com.qa.opencart.tests.AccountPageTest@723ca036]" started-at="2025-04-23T07:20:30 IST" name="tearDown" finished-at="2025-04-23T07:20:32 IST" duration-ms="2287" status="PASS">
          <reporter-output>
          </reporter-output>
        </test-method> <!-- tearDown -->
        <test-method is-config="true" signature="setUp()[pri:0, instance:com.qa.opencart.tests.AccountPageTest@723ca036]" started-at="2025-04-23T07:20:32 IST" name="setUp" finished-at="2025-04-23T07:20:36 IST" duration-ms="3958" status="PASS">
          <reporter-output>
          </reporter-output>
        </test-method> <!-- setUp -->
        <test-method is-config="true" signature="accSetUp()[pri:0, instance:com.qa.opencart.tests.AccountPageTest@723ca036]" started-at="2025-04-23T07:20:36 IST" name="accSetUp" finished-at="2025-04-23T07:20:37 IST" duration-ms="413" status="PASS">
          <reporter-output>
          </reporter-output>
        </test-method> <!-- accSetUp -->
        <test-method signature="isLogoutLinkExistTest()[pri:0, instance:com.qa.opencart.tests.AccountPageTest@723ca036]" started-at="2025-04-23T07:20:37 IST" name="isLogoutLinkExistTest" finished-at="2025-04-23T07:20:38 IST" duration-ms="919" status="PASS">
          <reporter-output>
          </reporter-output>
        </test-method> <!-- isLogoutLinkExistTest -->
        <test-method is-config="true" signature="tearDown()[pri:0, instance:com.qa.opencart.tests.AccountPageTest@723ca036]" started-at="2025-04-23T07:20:38 IST" name="tearDown" finished-at="2025-04-23T07:20:38 IST" duration-ms="331" status="PASS">
          <reporter-output>
          </reporter-output>
        </test-method> <!-- tearDown -->
        <test-method is-config="true" signature="setUp()[pri:0, instance:com.qa.opencart.tests.AccountPageTest@723ca036]" started-at="2025-04-23T07:20:38 IST" name="setUp" finished-at="2025-04-23T07:20:41 IST" duration-ms="2954" status="PASS">
          <reporter-output>
          </reporter-output>
        </test-method> <!-- setUp -->
        <test-method is-config="true" signature="accSetUp()[pri:0, instance:com.qa.opencart.tests.AccountPageTest@723ca036]" started-at="2025-04-23T07:20:41 IST" name="accSetUp" finished-at="2025-04-23T07:20:42 IST" duration-ms="1356" status="PASS">
          <reporter-output>
          </reporter-output>
        </test-method> <!-- accSetUp -->
        <test-method signature="isSearchFieldExist()[pri:0, instance:com.qa.opencart.tests.AccountPageTest@723ca036]" started-at="2025-04-23T07:20:42 IST" name="isSearchFieldExist" finished-at="2025-04-23T07:20:44 IST" duration-ms="1409" status="PASS">
          <reporter-output>
          </reporter-output>
        </test-method> <!-- isSearchFieldExist -->
        <test-method is-config="true" signature="tearDown()[pri:0, instance:com.qa.opencart.tests.AccountPageTest@723ca036]" started-at="2025-04-23T07:20:44 IST" name="tearDown" finished-at="2025-04-23T07:20:44 IST" duration-ms="620" status="PASS">
          <reporter-output>
          </reporter-output>
        </test-method> <!-- tearDown -->
        <test-method is-config="true" signature="setUp()[pri:0, instance:com.qa.opencart.tests.AccountPageTest@723ca036]" started-at="2025-04-23T07:20:44 IST" name="setUp" finished-at="2025-04-23T07:20:47 IST" duration-ms="3068" status="PASS">
          <reporter-output>
          </reporter-output>
        </test-method> <!-- setUp -->
        <test-method is-config="true" signature="accSetUp()[pri:0, instance:com.qa.opencart.tests.AccountPageTest@723ca036]" started-at="2025-04-23T07:20:47 IST" name="accSetUp" finished-at="2025-04-23T07:20:49 IST" duration-ms="1108" status="PASS">
          <reporter-output>
          </reporter-output>
        </test-method> <!-- accSetUp -->
        <test-method signature="searchTest()[pri:0, instance:com.qa.opencart.tests.AccountPageTest@723ca036]" started-at="2025-04-23T07:20:49 IST" name="searchTest" finished-at="2025-04-23T07:20:50 IST" duration-ms="1341" status="PASS">
          <reporter-output>
          </reporter-output>
        </test-method> <!-- searchTest -->
        <test-method is-config="true" signature="tearDown()[pri:0, instance:com.qa.opencart.tests.AccountPageTest@723ca036]" started-at="2025-04-23T07:20:50 IST" name="tearDown" finished-at="2025-04-23T07:20:50 IST" duration-ms="347" status="PASS">
          <reporter-output>
          </reporter-output>
        </test-method> <!-- tearDown -->
      </class> <!-- com.qa.opencart.tests.AccountPageTest -->
    </test> <!-- Account Page Test -->
  </suite> <!-- Open Cart Test Regression Suite -->
</testng-results>
